<?xml version="1.0" encoding="UTF-8"?>
<beans xmlns="http://www.springframework.org/schema/beans"
       xmlns:xsi="http://www.w3.org/2001/XMLSchema-instance"
       xsi:schemaLocation="http://www.springframework.org/schema/beans
    http://www.springframework.org/schema/beans/spring-beans.xsd">

    <bean id="loginControllerTest" class="com.example.take5.controller.LoginControllerTest"/>
    <bean id="activityControllerTest" class="com.example.take5.controller.ActivityControllerTest"/>
    <bean id="activityLogControllerTest" class="com.example.take5.controller.ActivityLogControllerTest"/>
    <bean id="userControllerTest" class="com.example.take5.controller.UserControllerTest"/>
</beans>